<?xml version="1.0" encoding="UTF-8"?>
<testng-results skipped="0" failed="0" ignored="0" total="1" passed="1">
  <reporter-output>
  </reporter-output>
  <suite name="com.test.AutomationTest.LaunchBrowserTest" duration-ms="7432" started-at="2017-06-08T13:22:23Z" finished-at="2017-06-08T13:22:30Z">
    <groups>
    </groups>
    <test name="Command line test" duration-ms="7432" started-at="2017-06-08T13:22:23Z" finished-at="2017-06-08T13:22:30Z">
      <class name="com.test.AutomationTest.LaunchBrowserTest">
        <test-method status="PASS" signature="method()[pri:0, instance:com.test.AutomationTest.LaunchBrowserTest@5ebec15]" name="method" duration-ms="7386" started-at="2017-06-08T18:52:23Z" finished-at="2017-06-08T18:52:30Z">
          <reporter-output>
          </reporter-output>
        </test-method> <!-- method -->
      </class> <!-- com.test.AutomationTest.LaunchBrowserTest -->
    </test> <!-- Command line test -->
  </suite> <!-- com.test.AutomationTest.LaunchBrowserTest -->
</testng-results>
