<?xml version="1.0" encoding="UTF-8"?>
<testng-results skipped="0" failed="0" ignored="0" total="1" passed="1">
  <reporter-output>
  </reporter-output>
  <suite name="Default suite" duration-ms="30183" started-at="2017-06-08T11:30:55Z" finished-at="2017-06-08T11:31:25Z">
    <groups>
    </groups>
    <test name="Default test" duration-ms="30183" started-at="2017-06-08T11:30:55Z" finished-at="2017-06-08T11:31:25Z">
      <class name="com.test.AutomationTest.LaunchBrowserTest">
        <test-method status="PASS" signature="method()[pri:0, instance:com.test.AutomationTest.LaunchBrowserTest@4501b7af]" name="method" duration-ms="30143" started-at="2017-06-08T17:00:55Z" finished-at="2017-06-08T17:01:25Z">
          <reporter-output>
          </reporter-output>
        </test-method> <!-- method -->
      </class> <!-- com.test.AutomationTest.LaunchBrowserTest -->
    </test> <!-- Default test -->
  </suite> <!-- Default suite -->
</testng-results>
